<?xml version="1.0" encoding="UTF-8"?>
<testsuite xmlns:xsi="http://www.w3.org/2001/XMLSchema-instance" xsi:noNamespaceSchemaLocation="https://maven.apache.org/surefire/maven-surefire-plugin/xsd/surefire-test-report.xsd" version="3.0.2" name="org.springboot.pdv.PdvApplicationTests" time="5.393" tests="1" errors="0" skipped="0" failures="0">
  <properties>
[...]
</properties>
  <testcase name="contextLoads" classname="org.springboot.pdv.PdvApplicationTests" time="0.267">
    <system-out><![CDATA[22:18:30.067 [main] INFO org.springframework.test.context.support.AnnotationConfigContextLoaderUtils -- Could not detect default configuration classes for test class [org.springboot.pdv.PdvApplicationTests]: PdvApplicationTests does not declare any static, non-private, non-final, nested classes annotated with @Configuration.
22:18:30.168 [main] INFO org.springframework.boot.test.context.SpringBootTestContextBootstrapper -- Found @SpringBootConfiguration org.springboot.pdv.PdvApplication for test class org.springboot.pdv.PdvApplicationTests

  .   ____          _            __ _ _
 /\\ / ___'_ __ _ _(_)_ __  __ _ \ \ \ \
( ( )\___ | '_ | '_| | '_ \/ _` | \ \ \ \
 \\/  ___)| |_)| | | | | || (_| |  ) ) ) )
  '  |____| .__|_| |_|_| |_\__, | / / / /
 =========|_|==============|___/=/_/_/_/

 :: Spring Boot ::               (v3.5.11)

2026-03-10T22:18:30.583-03:00  INFO 26024 --- [pdv] [           main] org.springboot.pdv.PdvApplicationTests   : Starting PdvApplicationTests using Java 17.0.7 with PID 26024 (started by h in C:\Users\h\Desktop\cursos-hendreo\curso1\pdv)
2026-03-10T22:18:30.584-03:00  INFO 26024 --- [pdv] [           main] org.springboot.pdv.PdvApplicationTests   : No active profile set, falling back to 1 default profile: "default"
2026-03-10T22:18:31.295-03:00  INFO 26024 --- [pdv] [           main] .s.d.r.c.RepositoryConfigurationDelegate : Bootstrapping Spring Data JPA repositories in DEFAULT mode.
2026-03-10T22:18:31.369-03:00  INFO 26024 --- [pdv] [           main] .s.d.r.c.RepositoryConfigurationDelegate : Finished Spring Data repository scanning in 60 ms. Found 4 JPA repository interfaces.
2026-03-10T22:18:31.850-03:00  INFO 26024 --- [pdv] [           main] o.hibernate.jpa.internal.util.LogHelper  : HHH000204: Processing PersistenceUnitInfo [name: default]
2026-03-10T22:18:31.917-03:00  INFO 26024 --- [pdv] [           main] org.hibernate.Version                    : HHH000412: Hibernate ORM core version 6.6.42.Final
2026-03-10T22:18:31.958-03:00  INFO 26024 --- [pdv] [           main] o.h.c.internal.RegionFactoryInitiator    : HHH000026: Second-level cache disabled
2026-03-10T22:18:32.359-03:00  INFO 26024 --- [pdv] [           main] o.s.o.j.p.SpringPersistenceUnitInfo      : No LoadTimeWeaver setup: ignoring JPA class transformer
2026-03-10T22:18:32.399-03:00  INFO 26024 --- [pdv] [           main] com.zaxxer.hikari.HikariDataSource       : HikariPool-1 - Starting...
2026-03-10T22:18:32.547-03:00  INFO 26024 --- [pdv] [           main] com.zaxxer.hikari.pool.HikariPool        : HikariPool-1 - Added connection com.mysql.cj.jdbc.ConnectionImpl@77d0dbba
2026-03-10T22:18:32.548-03:00  INFO 26024 --- [pdv] [           main] com.zaxxer.hikari.HikariDataSource       : HikariPool-1 - Start completed.
2026-03-10T22:18:32.568-03:00  WARN 26024 --- [pdv] [           main] org.hibernate.orm.deprecation            : HHH90000025: MySQL8Dialect does not need to be specified explicitly using 'hibernate.dialect' (remove the property setting and it will be selected by default)
2026-03-10T22:18:32.569-03:00  WARN 26024 --- [pdv] [           main] org.hibernate.orm.deprecation            : HHH90000026: MySQL8Dialect has been deprecated; use org.hibernate.dialect.MySQLDialect instead
2026-03-10T22:18:32.585-03:00  INFO 26024 --- [pdv] [           main] org.hibernate.orm.connections.pooling    : HHH10001005: Database info:
	Database JDBC URL [Connecting through datasource 'HikariDataSource (HikariPool-1)']
	Database driver: undefined/unknown
	Database version: 8.0
	Autocommit mode: undefined/unknown
	Isolation level: undefined/unknown
	Minimum pool size: undefined/unknown
	Maximum pool size: undefined/unknown
2026-03-10T22:18:33.404-03:00  INFO 26024 --- [pdv] [           main] o.h.e.t.j.p.i.JtaPlatformInitiator       : HHH000489: No JTA platform available (set 'hibernate.transaction.jta.platform' to enable JTA platform integration)
2026-03-10T22:18:33.488-03:00  INFO 26024 --- [pdv] [           main] j.LocalContainerEntityManagerFactoryBean : Initialized JPA EntityManagerFactory for persistence unit 'default'
2026-03-10T22:18:33.780-03:00  INFO 26024 --- [pdv] [           main] o.s.d.j.r.query.QueryEnhancerFactory     : Hibernate is in classpath; If applicable, HQL parser will be used.
2026-03-10T22:18:34.355-03:00  WARN 26024 --- [pdv] [           main] JpaBaseConfiguration$JpaWebConfiguration : spring.jpa.open-in-view is enabled by default. Therefore, database queries may be performed during view rendering. Explicitly configure spring.jpa.open-in-view to disable this warning
2026-03-10T22:18:34.559-03:00  WARN 26024 --- [pdv] [           main] r$InitializeUserDetailsManagerConfigurer : Found 2 UserDetailsService beans, with names [customUserDetailService, userDetailsService]. Global Authentication Manager will not use a UserDetailsService for username/password login. Consider publishing a single UserDetailsService bean.
2026-03-10T22:18:35.050-03:00  INFO 26024 --- [pdv] [           main] org.springboot.pdv.PdvApplicationTests   : Started PdvApplicationTests in 4.727 seconds (process running for 5.569)
]]></system-out>
  </testcase>
</testsuite>